<?xml version="1.0" encoding="UTF-8"?>
<!-- Generated by org.testng.reporters.JUnitReportReporter -->
<testsuite hostname="NTP-LAP-889" failures="0" tests="3" name="com.maven.scripts.TestClass" time="3.423" errors="0" timestamp="2022-12-16T02:55:57 IST" skipped="0">
  <testcase classname="com.maven.scripts.TestClass" name="ValidLoginVerification" time="1.266"/>
  <system-out/>
  <testcase classname="com.maven.scripts.TestClass" name="ValidHomeVerification" time="0.757"/>
  <system-out/>
  <testcase classname="com.maven.scripts.TestClass" name="ValidAddEmpVerification" time="1.400"/>
  <system-out/>
</testsuite> <!-- com.maven.scripts.TestClass -->
